Current configuration : 3640 bytes
!
! Last configuration change at 18:51:51 UTC Mon Sep 20 2021
!
version 15.9
service timestamps debug datetime msec
service timestamps log datetime msec
no service password-encryption
!
hostname R3
!
boot-start-marker
boot-end-marker
!
!
!
no aaa new-model
!
!
!
mmi polling-interval 60
no mmi auto-configure
no mmi pvc
mmi snmp-timeout 180
!
!
!
!
!
!
!
!
!
!
!
no ip domain lookup
ip cef
ipv6 unicast-routing
ipv6 cef
!
multilink bundle-name authenticated
!
!
!
key chain EIGRP-CHAIN
 key 1
  key-string CISCO
!
!
!
redundancy
!
!
! 
!
!
!
!
!
!
!
!
!
!
!
!
interface Loopback0
 ip address 3.3.3.3 255.255.255.255
 ip ospf 1 area 0
 ipv6 address 2001:DEAD:AF::3/128
!
interface GigabitEthernet0/0
 ip address 10.1.34.3 255.255.255.0
 ip authentication mode eigrp 100 md5
 ip authentication key-chain eigrp 100 EIGRP-CHAIN
 duplex auto
 speed auto
 media-type rj45
 ipv6 address 2001:DEAD:DEAD::3/64
!
interface GigabitEthernet0/1
 ip address 10.1.13.3 255.255.255.0
 duplex auto
 speed auto
 media-type rj45
 ipv6 address 2001:DEAD:BEE::3/64
!
interface GigabitEthernet0/2
 no ip address
 shutdown
 duplex auto
 speed auto
 media-type rj45
!
interface GigabitEthernet0/3
 no ip address
 shutdown
 duplex auto
 speed auto
 media-type rj45
!
!
router eigrp 100
 network 3.3.3.3 0.0.0.0
 network 10.1.13.3 0.0.0.0
 network 10.1.34.3 0.0.0.0
 redistribute ospf 1 metric 1 1 1 1 1
 eigrp router-id 3.3.3.3
!
router ospf 1
 router-id 3.3.3.3
 redistribute eigrp 100 subnets tag 555
 network 10.1.13.3 0.0.0.0 area 0
 network 10.1.34.3 0.0.0.0 area 0
 distance 89
!
ip forward-protocol nd
!
!
no ip http server
no ip http secure-server
!
ipv6 ioam timestamp
!
!
!
control-plane
!
banner exec ^C
**************************************************************************
* IOSv is strictly limited to use for evaluation, demonstration and IOS  *
* education. IOSv is provided as-is and is not supported by Cisco's      *
* Technical Advisory Center. Any use or disclosure, in whole or in part, *
* of the IOSv Software or Documentation to any third party for any       *
* purposes is expressly prohibited except as otherwise authorized by     *
* Cisco in writing.                                                      *
**************************************************************************^C
banner incoming ^C
**************************************************************************
* IOSv is strictly limited to use for evaluation, demonstration and IOS  *
* education. IOSv is provided as-is and is not supported by Cisco's      *
* Technical Advisory Center. Any use or disclosure, in whole or in part, *
* of the IOSv Software or Documentation to any third party for any       *
* purposes is expressly prohibited except as otherwise authorized by     *
* Cisco in writing.                                                      *
**************************************************************************^C
banner login ^C
**************************************************************************
* IOSv is strictly limited to use for evaluation, demonstration and IOS  *
* education. IOSv is provided as-is and is not supported by Cisco's      *
* Technical Advisory Center. Any use or disclosure, in whole or in part, *
* of the IOSv Software or Documentation to any third party for any       *
* purposes is expressly prohibited except as otherwise authorized by     *
* Cisco in writing.                                                      *
**************************************************************************^C
!
line con 0
 exec-timeout 0 0
line aux 0
line vty 0 4
 login
 transport input none
!
no scheduler allocate
!
end

